<?xml version="1.0" encoding="UTF-8"?>
<testng-results ignored="0" total="1" passed="1" failed="0" skipped="0">
  <reporter-output>
  </reporter-output>
  <suite started-at="2022-12-14T01:56:45 IST" name="Default suite" finished-at="2022-12-14T01:56:57 IST" duration-ms="12171">
    <groups>
    </groups>
    <test started-at="2022-12-14T01:56:45 IST" name="Default test" finished-at="2022-12-14T01:56:57 IST" duration-ms="12171">
      <class name="testCases.LoginTestCase">
        <test-method is-config="true" signature="launch()[pri:0, instance:testCases.LoginTestCase@3d6f0054]" started-at="2022-12-14T01:56:45 IST" name="launch" finished-at="2022-12-14T01:56:54 IST" duration-ms="9173" status="PASS">
          <reporter-output>
          </reporter-output>
        </test-method> <!-- launch -->
        <test-method signature="method1()[pri:0, instance:testCases.LoginTestCase@3d6f0054]" started-at="2022-12-14T01:56:54 IST" name="method1" finished-at="2022-12-14T01:56:57 IST" duration-ms="2941" status="PASS">
          <reporter-output>
          </reporter-output>
        </test-method> <!-- method1 -->
      </class> <!-- testCases.LoginTestCase -->
    </test> <!-- Default test -->
  </suite> <!-- Default suite -->
</testng-results>
